=============
Count: 1
Mon Jun  8 09:31:20 2015
[1] 프린스의 왕자
[2] 극비수사
[3] 김희철
[4] 수원 차민내과
[5] 군포 메르스
[6] 강수일
[7] 부산 임홍섭내과
[8] 백청강
[9] 하니
[10] 안영미
=============
Count: 2
Mon Jun  8 09:31:27 2015
[1] 프린스의 왕자
[2] 극비수사
[3] 김희철
[4] 수원 차민내과
[5] 군포 메르스
[6] 강수일
[7] 부산 임홍섭내과
[8] 백청강
[9] 하니
[10] 안영미
=============
Count: 3
Mon Jun  8 09:31:35 2015
[1] 프린스의 왕자
[2] 극비수사
[3] 김희철
[4] 수원 차민내과
[5] 군포 메르스
[6] 강수일
[7] 부산 임홍섭내과
[8] 백청강
[9] 하니
[10] 안영미
=============
Count: 4
Mon Jun  8 09:31:42 2015
[1] 프린스의 왕자
[2] 극비수사
[3] 김희철
[4] 수원 차민내과
[5] 군포 메르스
[6] 강수일
[7] 부산 임홍섭내과
[8] 백청강
[9] 하니
[10] 안영미
=============
Count: 5
Mon Jun  8 09:31:49 2015
[1] 프린스의 왕자
[2] 극비수사
[3] 김희철
[4] 수원 차민내과
[5] 군포 메르스
[6] 강수일
[7] 부산 임홍섭내과
[8] 백청강
[9] 하니
[10] 안영미
=============
Count: 6
Mon Jun  8 09:31:57 2015
[1] 프린스의 왕자
[2] 극비수사
[3] 김희철
[4] 수원 차민내과
[5] 군포 메르스
[6] 강수일
[7] 부산 임홍섭내과
[8] 백청강
[9] 하니
[10] 안영미
=============
Count: 7
Mon Jun  8 09:32:04 2015
[1] 프린스의 왕자
[2] 극비수사
[3] 김희철
[4] 수원 차민내과
[5] 군포 메르스
[6] 강수일
[7] 부산 임홍섭내과
[8] 백청강
[9] 하니
[10] 안영미
=============
Count: 8
Mon Jun  8 09:32:11 2015
[1] 프린스의 왕자
[2] 극비수사
[3] 김희철
[4] 수원 차민내과
[5] 군포 메르스
[6] 강수일
[7] 부산 임홍섭내과
[8] 백청강
[9] 하니
[10] 안영미
=============
Count: 9
Mon Jun  8 09:32:19 2015
[1] 극비수사
[2] 프린스의 왕자
[3] 수원 차민내과
[4] 김희철
[5] 부산 임홍섭내과
[6] 강수일
[7] 보라
[8] 군포 메르스
[9] 백청강
[10] 메르스 초기증상
=============
Count: 10
Mon Jun  8 09:32:26 2015
[1] 극비수사
[2] 프린스의 왕자
[3] 수원 차민내과
[4] 김희철
[5] 부산 임홍섭내과
[6] 강수일
[7] 보라
[8] 군포 메르스
[9] 백청강
[10] 메르스 초기증상
=============
Count: 11
Mon Jun  8 09:32:34 2015
[1] 극비수사
[2] 프린스의 왕자
[3] 수원 차민내과
[4] 김희철
[5] 부산 임홍섭내과
[6] 강수일
[7] 보라
[8] 군포 메르스
[9] 백청강
[10] 메르스 초기증상
=============
Count: 12
Mon Jun  8 09:32:41 2015
[1] 극비수사
[2] 프린스의 왕자
[3] 수원 차민내과
[4] 김희철
[5] 부산 임홍섭내과
[6] 강수일
[7] 보라
[8] 군포 메르스
[9] 백청강
[10] 메르스 초기증상
=============
Count: 13
Mon Jun  8 09:32:48 2015
[1] 극비수사
[2] 프린스의 왕자
[3] 수원 차민내과
[4] 김희철
[5] 부산 임홍섭내과
[6] 강수일
[7] 보라
[8] 군포 메르스
[9] 백청강
[10] 메르스 초기증상
=============
Count: 14
Mon Jun  8 09:32:56 2015
[1] 극비수사
[2] 프린스의 왕자
[3] 수원 차민내과
[4] 김희철
[5] 부산 임홍섭내과
[6] 강수일
[7] 보라
[8] 군포 메르스
[9] 백청강
[10] 메르스 초기증상
=============
Count: 15
Mon Jun  8 09:33:03 2015
[1] 극비수사
[2] 프린스의 왕자
[3] 수원 차민내과
[4] 김희철
[5] 부산 임홍섭내과
[6] 강수일
[7] 보라
[8] 군포 메르스
[9] 백청강
[10] 메르스 초기증상
=============
Count: 16
Mon Jun  8 09:33:11 2015
[1] 극비수사
[2] 프린스의 왕자
[3] 수원 차민내과
[4] 김희철
[5] 부산 임홍섭내과
[6] 강수일
[7] 보라
[8] 군포 메르스
[9] 백청강
[10] 메르스 초기증상
=============
Count: 17
Mon Jun  8 09:33:18 2015
[1] 극비수사
[2] 김희철
[3] 수원 차민내과
[4] 프린스의 왕자
[5] 부산 임홍섭내과
[6] 강수일
[7] 보라
[8] 백청강
[9] 하니
[10] 안영미
=============
Count: 18
Mon Jun  8 09:33:25 2015
[1] 극비수사
[2] 김희철
[3] 수원 차민내과
[4] 프린스의 왕자
[5] 부산 임홍섭내과
[6] 강수일
[7] 보라
[8] 백청강
[9] 하니
[10] 안영미
=============
Count: 19
Mon Jun  8 09:33:33 2015
[1] 극비수사
[2] 김희철
[3] 수원 차민내과
[4] 프린스의 왕자
[5] 부산 임홍섭내과
[6] 강수일
[7] 보라
[8] 백청강
[9] 하니
[10] 안영미
=============
Count: 20
Mon Jun  8 09:33:40 2015
[1] 극비수사
[2] 김희철
[3] 수원 차민내과
[4] 프린스의 왕자
[5] 부산 임홍섭내과
[6] 강수일
[7] 보라
[8] 백청강
[9] 하니
[10] 안영미
=============
Count: 21
Mon Jun  8 09:33:47 2015
[1] 극비수사
[2] 김희철
[3] 수원 차민내과
[4] 프린스의 왕자
[5] 부산 임홍섭내과
[6] 강수일
[7] 보라
[8] 백청강
[9] 하니
[10] 안영미
=============
Count: 22
Mon Jun  8 09:33:55 2015
[1] 극비수사
[2] 김희철
[3] 수원 차민내과
[4] 프린스의 왕자
[5] 부산 임홍섭내과
[6] 강수일
[7] 보라
[8] 백청강
[9] 하니
[10] 안영미
=============
Count: 23
Mon Jun  8 09:34:02 2015
[1] 극비수사
[2] 김희철
[3] 수원 차민내과
[4] 프린스의 왕자
[5] 부산 임홍섭내과
[6] 강수일
[7] 보라
[8] 백청강
[9] 하니
[10] 안영미
=============
Count: 24
Mon Jun  8 09:34:10 2015
[1] 극비수사
[2] 김희철
[3] 수원 차민내과
[4] 프린스의 왕자
[5] 부산 임홍섭내과
[6] 강수일
[7] 보라
[8] 백청강
[9] 하니
[10] 안영미
=============
Count: 25
Mon Jun  8 09:34:17 2015
[1] 극비수사
[2] 수원 차민내과
[3] 김희철
[4] 프린스의 왕자
[5] 부산 임홍섭내과
[6] 보라
[7] 강수일
[8] 어 스타일 포 유
[9] 백청강
[10] 하니
=============
Count: 26
Mon Jun  8 09:34:24 2015
[1] 극비수사
[2] 수원 차민내과
[3] 김희철
[4] 프린스의 왕자
[5] 부산 임홍섭내과
[6] 보라
[7] 강수일
[8] 어 스타일 포 유
[9] 백청강
[10] 하니
=============
Count: 27
Mon Jun  8 09:34:32 2015
[1] 극비수사
[2] 수원 차민내과
[3] 김희철
[4] 프린스의 왕자
[5] 부산 임홍섭내과
[6] 보라
[7] 강수일
[8] 어 스타일 포 유
[9] 백청강
[10] 하니
=============
Count: 28
Mon Jun  8 09:34:39 2015
[1] 극비수사
[2] 수원 차민내과
[3] 김희철
[4] 프린스의 왕자
[5] 부산 임홍섭내과
[6] 보라
[7] 강수일
[8] 어 스타일 포 유
[9] 백청강
[10] 하니
=============
Count: 29
Mon Jun  8 09:34:46 2015
[1] 극비수사
[2] 수원 차민내과
[3] 김희철
[4] 프린스의 왕자
[5] 부산 임홍섭내과
[6] 보라
[7] 강수일
[8] 어 스타일 포 유
[9] 백청강
[10] 하니
=============
Count: 30
Mon Jun  8 09:34:54 2015
[1] 극비수사
[2] 수원 차민내과
[3] 김희철
[4] 프린스의 왕자
[5] 부산 임홍섭내과
[6] 보라
[7] 강수일
[8] 어 스타일 포 유
[9] 백청강
[10] 하니
=============
Count: 31
Mon Jun  8 09:35:01 2015
[1] 극비수사
[2] 수원 차민내과
[3] 김희철
[4] 프린스의 왕자
[5] 부산 임홍섭내과
[6] 보라
[7] 강수일
[8] 어 스타일 포 유
[9] 백청강
[10] 하니
=============
Count: 32
Mon Jun  8 09:35:09 2015
[1] 극비수사
[2] 수원 차민내과
[3] 김희철
[4] 프린스의 왕자
[5] 부산 임홍섭내과
[6] 보라
[7] 강수일
[8] 어 스타일 포 유
[9] 백청강
[10] 하니
=============
Count: 33
Mon Jun  8 09:35:16 2015
[1] 극비수사
[2] 부산 임홍섭내과
[3] 프린스의 왕자
[4] 수원 차민내과
[5] 김희철
[6] 강수일
[7] 군포 메르스
[8] 구하라
[9] 백청강
[10] 보라
=============
Count: 34
Mon Jun  8 09:35:23 2015
[1] 극비수사
[2] 부산 임홍섭내과
[3] 프린스의 왕자
[4] 수원 차민내과
[5] 김희철
[6] 강수일
[7] 군포 메르스
[8] 구하라
[9] 백청강
[10] 보라
=============
Count: 35
Mon Jun  8 09:35:31 2015
[1] 극비수사
[2] 부산 임홍섭내과
[3] 프린스의 왕자
[4] 수원 차민내과
[5] 김희철
[6] 강수일
[7] 군포 메르스
[8] 구하라
[9] 백청강
[10] 보라
=============
Count: 36
Mon Jun  8 09:35:38 2015
[1] 극비수사
[2] 부산 임홍섭내과
[3] 프린스의 왕자
[4] 수원 차민내과
[5] 김희철
[6] 강수일
[7] 군포 메르스
[8] 구하라
[9] 백청강
[10] 보라
=============
Count: 37
Mon Jun  8 09:35:46 2015
[1] 극비수사
[2] 부산 임홍섭내과
[3] 프린스의 왕자
[4] 수원 차민내과
[5] 김희철
[6] 강수일
[7] 군포 메르스
[8] 구하라
[9] 백청강
[10] 보라
=============
Count: 38
Mon Jun  8 09:35:53 2015
[1] 극비수사
[2] 부산 임홍섭내과
[3] 프린스의 왕자
[4] 수원 차민내과
[5] 김희철
[6] 강수일
[7] 군포 메르스
[8] 구하라
[9] 백청강
[10] 보라
=============
Count: 39
Mon Jun  8 09:36:00 2015
[1] 극비수사
[2] 부산 임홍섭내과
[3] 프린스의 왕자
[4] 수원 차민내과
[5] 김희철
[6] 강수일
[7] 군포 메르스
[8] 구하라
[9] 백청강
[10] 보라
=============
Count: 40
Mon Jun  8 09:36:08 2015
[1] 극비수사
[2] 부산 임홍섭내과
[3] 프린스의 왕자
[4] 수원 차민내과
[5] 김희철
[6] 강수일
[7] 군포 메르스
[8] 구하라
[9] 백청강
[10] 보라
=============
Count: 41
Mon Jun  8 09:36:15 2015
[1] 부산 임홍섭내과
[2] 극비수사
[3] 수원 차민내과
[4] 프린스의 왕자
[5] 구하라
[6] 강수일
[7] 김희철
[8] 군포 메르스
[9] 안영미
[10] 어 스타일 포 유
=============
Count: 42
Mon Jun  8 09:36:22 2015
[1] 부산 임홍섭내과
[2] 극비수사
[3] 수원 차민내과
[4] 프린스의 왕자
[5] 구하라
[6] 강수일
[7] 김희철
[8] 군포 메르스
[9] 안영미
[10] 어 스타일 포 유
=============
Count: 43
Mon Jun  8 09:36:30 2015
[1] 부산 임홍섭내과
[2] 극비수사
[3] 수원 차민내과
[4] 프린스의 왕자
[5] 구하라
[6] 강수일
[7] 김희철
[8] 군포 메르스
[9] 안영미
[10] 어 스타일 포 유
=============
Count: 44
Mon Jun  8 09:36:37 2015
[1] 부산 임홍섭내과
[2] 극비수사
[3] 수원 차민내과
[4] 프린스의 왕자
[5] 구하라
[6] 강수일
[7] 김희철
[8] 군포 메르스
[9] 안영미
[10] 어 스타일 포 유
